<?xml version="1.0" encoding="UTF-8"?>
<testsuite xmlns:xsi="http://www.w3.org/2001/XMLSchema-instance" xsi:schemaLocation="https://maven.apache.org/surefire/maven-surefire-plugin/xsd/surefire-test-report.xsd" name="com.qa.runner.Runner" time="321.978" tests="7" errors="2" skipped="0" failures="0">
  <properties>
[...]
</properties>
  <testcase name="Given Navigate to Claims after log in with Admin user" classname="Scenario: I am able to add, edit and Delete  Expenses and verify the total" time="0.011"/>
  <testcase name="And I navigate to submit claims Page" classname="Scenario: I am able to add, edit and Delete  Expenses and verify the total" time="0"/>
  <testcase name="When I crate claim Request with Event and Currency" classname="Scenario: I am able to add, edit and Delete  Expenses and verify the total" time="0"/>
  <testcase name="When I add Expenses for the new claim Request with below fields and values" classname="Scenario: I am able to add, edit and Delete  Expenses and verify the total" time="0"/>
  <testcase name="When I add Expenses for the new claim Request with below fields and values" classname="Scenario: I am able to add, edit and Delete  Expenses and verify the total" time="0"/>
  <testcase name="Then I verify the total amount of all expenses is caculated correctly" classname="Scenario: I am able to add, edit and Delete  Expenses and verify the total" time="0.044">
    <error type="java.lang.NullPointerException">java.lang.NullPointerException
</error>
    <system-out><![CDATA[Verifying total amount 
Expected100.0
There is some Exception in Fluent Wait checking--  no such element: Unable to locate element: {"method":"xpath","selector":"//p[@class='oxd-text oxd-text--p']"}
  (Session info: chrome=145.0.7632.160)
For documentation on this error, please visit: https://www.seleniumhq.org/exceptions/no_such_element.html
Build info: version: '3.141.59', revision: 'e82be7d358', time: '2018-11-14T08:17:03'
System info: host: 'DESKTOP-J6SGP4V', ip: '192.168.0.4', os.name: 'Windows 11', os.arch: 'amd64', os.version: '10.0', java.version: '1.8.0_472'
Driver info: org.openqa.selenium.chrome.ChromeDriver
Capabilities {acceptInsecureCerts: false, browserName: chrome, browserVersion: 145.0.7632.160, chrome: {chromedriverVersion: 145.0.7632.117 (de4e5d6e13b..., userDataDir: C:\Users\pc\AppData\Local\T...}, fedcm:accounts: true, goog:chromeOptions: {debuggerAddress: localhost:60830}, goog:processID: 21612, javascriptEnabled: true, networkConnectionEnabled: false, pageLoadStrategy: normal, platform: WINDOWS, platformName: WINDOWS, proxy: Proxy(), setWindowRect: true, strictFileInteractability: false, timeouts: {implicit: 0, pageLoad: 300000, script: 30000}, unhandledPromptBehavior: dismiss and notify, webauthn:extension:credBlob: true, webauthn:extension:largeBlob: true, webauthn:extension:minPinLength: true, webauthn:extension:prf: true, webauthn:virtualAuthenticators: true}
Session ID: 865fa34e65477b1ae3152576df24029a
*** Element info: {Using=xpath, value=//p[@class='oxd-text oxd-text--p']}
 Error on fetching  the text in element after wating !
]]></system-out>
  </testcase>
  <testcase name="Scenario: I am able to add, edit and Delete  Expenses and verify the total" classname="Scenario: I am able to add, edit and Delete  Expenses and verify the total" time="0.044">
    <error type="java.lang.NullPointerException">java.lang.NullPointerException
</error>
  </testcase>
</testsuite>