<?xml version="1.0" encoding="UTF-8"?>
<testsuite xmlns:xsi="http://www.w3.org/2001/XMLSchema-instance" xsi:schemaLocation="https://maven.apache.org/surefire/maven-surefire-plugin/xsd/surefire-test-report.xsd" name="com.qa.runner.Runner" time="37.687" tests="9" errors="0" skipped="5" failures="2">
  <properties>
[...]
</properties>
  <testcase name="Given Navigate to BUzz after log in with Admin user" classname="| OrangeHRM is very good software | 1 | sandip |" time="0.004"/>
  <testcase name="When Post the comment as &quot;OrangeHRM is very good software&quot;" classname="| OrangeHRM is very good software | 1 | sandip |" time="0"/>
  <testcase name="Then verify that comment time user and comment text is posted correctly as &quot;OrangeHRM is very good software&quot;" classname="| OrangeHRM is very good software | 1 | sandip |" time="0.012">
    <failure message="expected:&lt;[sandip akolkar]&gt; but was:&lt;[Zulfi Shaik]&gt;" type="junit.framework.ComparisonFailure"><![CDATA[junit.framework.ComparisonFailure: expected:<[sandip akolkar]> but was:<[Zulfi Shaik]>
]]></failure>
    <system-out><![CDATA[Verifying comment Details
Actual Data fetched from page :{postTime=2026-03-14 02:42 PM, user=Zulfi Shaik, commentText=OrangeHRM is very good software}
]]></system-out>
  </testcase>
  <testcase name="| OrangeHRM is very good software | 1 | sandip |" classname="| OrangeHRM is very good software | 1 | sandip |" time="0.012">
    <failure message="expected:&lt;[sandip akolkar]&gt; but was:&lt;[Zulfi Shaik]&gt;" type="junit.framework.ComparisonFailure"><![CDATA[junit.framework.ComparisonFailure: expected:<[sandip akolkar]> but was:<[Zulfi Shaik]>
]]></failure>
  </testcase>
  <testcase name="When I click on like" classname="| OrangeHRM is very good software | 1 | sandip |" time="0">
    <skipped/>
  </testcase>
  <testcase name="Then I verify the like count is updated as Expected count &quot;1&quot;" classname="| OrangeHRM is very good software | 1 | sandip |" time="0">
    <skipped/>
  </testcase>
  <testcase name="When I Edit the post with updated comment&quot;sandip&quot;" classname="| OrangeHRM is very good software | 1 | sandip |" time="0">
    <skipped/>
  </testcase>
  <testcase name="Then I verify that updated comment&quot;sandip&quot;" classname="| OrangeHRM is very good software | 1 | sandip |" time="0">
    <skipped/>
  </testcase>
  <testcase name="Then I delete the Post" classname="| OrangeHRM is very good software | 1 | sandip |" time="0">
    <skipped/>
  </testcase>
</testsuite>